2026-05-07 22:14:46,388 - INFO - Trip started.
2026-05-07 22:15:04,083 - INFO - Fare calculated: 0.53
2026-05-07 22:15:08,339 - INFO - Trip started.
2026-05-07 22:15:21,222 - INFO - Fare calculated: 0.41
2026-05-07 22:15:24,032 - INFO - Program terminated.
2026-05-08 09:17:19,339 - INFO - Trip started.
2026-05-08 09:17:25,566 - WARNING - Attempt to start while trip already active.
2026-05-08 09:17:32,741 - INFO - Fare calculated: 0.27
2026-05-08 09:17:34,681 - WARNING - Error: No active trip. Please start first.
2026-05-08 09:18:11,056 - WARNING - Error: No active trip. Please start first.
2026-05-08 09:18:52,982 - WARNING - Error: No active trip. Please start first.
2026-05-08 09:19:40,697 - INFO - Trip started.
2026-05-08 09:19:45,189 - INFO - Fare calculated: 0.09
2026-05-08 09:19:56,174 - INFO - Trip started.
2026-05-08 09:20:02,259 - WARNING - Attempt to start while trip already active.
2026-05-08 09:22:30,398 - INFO - Fare calculated: 3.20
2026-05-08 09:22:32,196 - WARNING - Error: No active trip. Please start first.
2026-05-08 09:22:39,667 - WARNING - Error: No active trip. Please start first.
2026-05-08 09:24:09,360 - WARNING - Error: No active trip. Please start first.
2026-05-08 09:26:43,055 - WARNING - Error: No active trip. Please start first.
2026-05-08 09:26:51,150 - WARNING - Error: No active trip. Please start first.
2026-05-08 09:26:53,741 - INFO - Trip started.
2026-05-08 09:26:55,696 - INFO - Fare calculated: 0.04
2026-05-08 09:27:00,680 - INFO - Program terminated.
2026-05-08 09:27:10,231 - WARNING - Error: No active trip. Please start first.
2026-05-08 09:35:20,225 - WARNING - Error: No active trip. Please start first.
2026-05-08 09:35:45,188 - INFO - Program terminated.
2026-05-08 09:36:23,840 - WARNING - Error: No active trip. Please start a trip first.
2026-05-08 09:36:28,342 - WARNING - Error: No active trip. Please start a trip first.
2026-05-08 11:06:17,422 - INFO - Program terminated.
2026-05-08 11:09:23,986 - WARNING - Error: No active trip. Please start a trip first.
2026-05-08 11:09:27,269 - WARNING - Error: No active trip. Please start a trip first.
2026-05-08 11:13:52,235 - INFO - Program terminated.
2026-05-08 13:45:04,889 - INFO - Program terminated.
2026-05-08 14:00:48,850 - INFO - Program terminated.
2026-05-08 14:33:12,338 - INFO - Trip started.
2026-05-08 14:33:19,068 - WARNING - Attempt to start while trip already active.
2026-05-08 14:33:27,864 - WARNING - Attempt to start while trip already active.
2026-05-08 14:33:32,840 - WARNING - Attempt to start while trip already active.
2026-05-08 14:33:52,472 - INFO - Program terminated.
2026-05-08 14:47:51,083 - INFO - Trip started.
2026-05-08 14:47:53,678 - INFO - Program terminated.
2026-05-08 14:48:14,168 - INFO - Trip started.
2026-05-08 14:48:15,824 - INFO - Program terminated.
2026-05-08 14:49:02,273 - INFO - Trip started.
2026-05-08 14:49:03,370 - WARNING - Error: Finish the current trip before exiting.
2026-05-08 14:49:28,797 - WARNING - Error: Finish the current trip before exiting.
2026-05-08 14:49:37,782 - WARNING - Error: Finish the current trip before exiting.
2026-05-08 14:49:39,348 - INFO - Fare calculated: 1.13
2026-05-08 14:49:40,877 - INFO - Program terminated.
2026-05-08 14:51:01,771 - INFO - Trip started.
2026-05-08 14:51:06,099 - WARNING - Error: Finish the current trip before exiting.
2026-05-08 14:53:54,870 - WARNING - Error: Finish the current trip before exiting.
2026-05-08 14:54:00,042 - INFO - Fare calculated: 3.57
2026-05-08 14:54:01,259 - INFO - Program terminated.
2026-05-08 14:54:13,439 - INFO - Trip started.
2026-05-08 14:54:18,072 - WARNING - Attempt to exit while trip is active
2026-05-08 14:54:24,469 - INFO - Fare calculated: 0.22
2026-05-08 15:28:22,399 - INFO - Program terminated.
2026-05-08 15:28:49,654 - INFO - Trip started.
2026-05-08 15:28:52,182 - WARNING - Attempt to exit while trip is active
2026-05-08 15:29:07,869 - WARNING - Attempt to start while trip already active.
2026-05-08 15:29:21,409 - INFO - Fare calculated: 0.98
2026-05-08 15:29:27,567 - INFO - Program terminated.
